step up uk temperature
1 -4.534432595311512e-17 1.6035023815683727e-19 71.7258177477354
2 -4.534306930949161e-17 1.5909477437472085e-19 71.16423974535734
3 -4.5340995823071794e-17 1.570232137750671e-19 70.23761575195344
4 -4.5338136222031045e-17 1.541662496702366e-19 68.95967510745956
5 -4.533453261908771e-17 1.5056594779365628e-19 67.34923411775644
6 -4.53302377600163e-17 1.462749957035877e-19 65.42986030756293
7 -4.5325314091970957e-17 1.4135577218875412e-19 63.229456158862995
8 -4.5319832669037807e-17 1.3587925408107632e-19 60.77977012035978
9 -4.5313871915280756e-17 1.299237807165431e-19 58.115843941914065
10 -4.530751626805132e-17 1.2357369879592827e-19 55.27540651097167
11 -4.530085472648645e-17 1.1691791253925103e-19 52.298225326199244
12 -4.529397933184033e-17 1.1004836575888562e-19 49.225427517841126
13 -4.528698360759039e-17 1.0305848375532578e-19 46.098802896459915
14 -4.5279960988040956e-17 9.604160372959108e-20 42.960101865088156
15 -4.5273003264421134e-17 8.908942267543568e-20 39.85034115022172
16 -4.5266199077200565e-17 8.229049143878898e-20 36.80913018374887
17 -4.525963248251245e-17 7.572878279689418e-20 33.87403059442395
18 -4.525338161916756e-17 6.948236001291674e-20 31.079960642743217
19 -4.5247517500811275e-17 6.362217037432583e-20 28.4586555619636
20 -4.5242102955280977e-17 5.821098575083778e-20 26.03819366203157
21 -4.523719173027471e-17 5.3302509251187035e-20 23.84259673071526
22 -4.5232827781048085e-17 4.894066367374721e-20 21.891511752436575
23 -4.5229044752111446e-17 4.515907370468019e-20 20.199979291769633
24 -4.522586566087678e-17 4.198074980215844e-20 18.778292092574002
25 -4.522330278700026e-17 3.941797750989539e-20 17.63194556713875
26 -4.522135776689505e-17 3.7472411668645006e-20 16.761679937665505
27 -4.522002188861563e-17 3.6135370745269576e-20 16.163611891782775
28 -4.52192765782085e-17 3.5388322380314375e-20 15.829451771477176
29 -4.521909406472067e-17 3.520354736803287e-20 15.74680057614639
30 -4.521943820748506e-17 3.5544965721457656e-20 15.899519467461824
31 -4.522026546616678e-17 3.636910532289323e-20 16.268163053718567
32 -4.522152599135005e-17 3.7626190987365364e-20 16.830466535769084
33 -4.5223164811328854e-17 3.9261329628086137e-20 17.56187584008147
34 -4.5225123089180255e-17 4.12157656473429e-20 18.436109164136205
35 -4.5227339423237965e-17 4.342817970481864e-20 19.425737924860726
36 -4.5229751163709555e-17 4.583600364289749e-20 20.502774934199987
37 -4.5232295718394645e-17 4.837672456392187e-20 21.639257722276735
38 -4.523491182124436e-17 5.0989151832354525e-20 22.807815276594436
39 -4.52375407388101e-17 5.3614622077821206e-20 23.98220704858705
40 -4.524012739141195e-17 5.619811905554783e-20 25.137823875267415
41 -4.524262136806115e-17 5.86892874236102e-20 26.252141449101
42 -4.524497781674417e-17 6.10433220612203e-20 27.305118116487876
43 -4.524715819454446e-17 6.322171741534857e-20 28.27953006591008
44 -4.5249130865168547e-17 6.519286445936991e-20 29.161238351838392
45 -4.525087153472559e-17 6.69324861123894e-20 29.93938366093639
46 -4.525236351997461e-17 6.842390533803612e-20 30.606506234584057
47 -4.525359784666756e-17 6.965814355553996e-20 31.158589888862032
48 -4.5254573179038024e-17 7.063385039509042e-20 31.595030593617114
49 -4.525529558478707e-17 7.135706915783012e-20 31.918531561026175
50 -4.5255778143155625e-17 7.184084554507325e-20 32.134928227354294
51 -4.525604040668341e-17 7.210469025079821e-20 32.25294786670165
52 -4.5256107730072657e-17 7.217390881797392e-20 32.283909830906204
53 -4.5256010482115274e-17 7.207881469716543e-20 32.24137354498364
54 -4.5255783158872346e-17 7.185384367206139e-20 32.140742383280276
55 -4.5255463418161486e-17 7.153658969098712e-20 31.998832389956664
56 -4.52550910569103e-17 7.116678362957476e-20 31.833415472166198
57 -4.5254706953991877e-17 7.078523757539648e-20 31.66274717095924
58 -4.5254352001779637e-17 7.043277784376169e-20 31.505089391555597
59 -4.5254066049813736e-17 7.014919008485824e-20 31.378238542162393
60 -4.5253886883637397e-17 6.997219951362387e-20 31.29906938344242
61 -4.5253849261056683e-17 6.993650848188571e-20 31.283104527592464
62 -4.5253984026781136e-17 7.007291232428657e-20 31.344118949850852
63 -4.525431732465886e-17 7.040751266326787e-20 31.493788094143795
64 -4.525486992453973e-17 7.096104518343403e-20 31.741387181711413
65 -4.5255656678239035e-17 7.174833632325678e-20 32.09354818538951
66 -4.525668611616426e-17 7.277790043493546e-20 32.55407963631037
67 -4.525796019300806e-17 7.405168579448302e-20 33.12385301238282
68 -4.525947418751954e-17 7.556497447607336e-20 33.80075795136579
69 -4.5261216757890903e-17 7.730643761694973e-20 34.579726971260385
70 -4.526317015075624e-17 7.925834407634404e-20 35.45282880494902
71 -4.5265310558323424e-17 8.139691702086744e-20 36.40942790341181
72 -4.526760861483475e-17 8.369282963627125e-20 37.43640617117161
73 -4.5270030020413866e-17 8.611182805461733e-20 38.51844160610902
74 -4.5272536277560335e-17 8.861546677397718e-20 39.63833725799659
75 -4.5275085523102445e-17 9.116193940337337e-20 40.77739282670127
76 -4.5277633436378135e-17 9.370698554659066e-20 41.915810317852326
77 -4.5280134202891067e-17 9.620485308990039e-20 43.03312448107908
78 -4.5282541511620115e-17 9.860929411212364e-20 44.1086482877633
79 -4.5284809563642887e-17 1.0087457210783965e-19 45.121923469243
80 -4.528689406972443e-17 1.0295645820854242e-19 46.053166133719095
81 -4.5288753215031205e-17 1.0481319459085422e-19 46.88369770569611
82 -4.5290348570120797e-17 1.0640640425128864e-19 47.596351874793626
83 -4.529164592880034e-17 1.0770192776778886e-19 48.175848885215984
84 -4.529261605530315e-17 1.0867056951381084e-19 48.60912932269227
85 -4.529323532542007e-17 1.0928873798764425e-19 48.885640538398754
86 -4.529348624873147e-17 1.0953896740859292e-19 48.99756996269141
87 -4.5293357861789124e-17 1.0941031044923141e-19 48.940020777076136
88 -4.529284598500523e-17 1.0889859485372625e-19 48.711126701434175
89 -4.529195333895886e-17 1.0800653967021344e-19 48.31210398560272
90 -4.529068951887606e-17 1.0674372983551164e-19 47.74724004093382
91 -4.528907082899498e-17 1.0512645083028519e-19 47.023819480356586
92 -4.528711998143901e-17 1.0317738801268156e-19 46.151989628145266
93 -4.528486566696252e-17 1.0092519798298351e-19 45.14456878823739
94 -4.528234200748532e-17 9.840396188015733e-20 44.01680169983777
95 -4.527958790263876e-17 9.565253281770144e-20 42.78606764076822
96 -4.5276646284575354e-17 9.271379169081175e-20 41.47154754464651
97 -4.527356329700798e-17 8.963382729536062e-20 40.09385726219387
98 -4.5270387415800215e-17 8.646105806347602e-20 38.6746547072267
99 -4.5267168529440424e-17 8.324531371895937e-20 37.23622907450321
100 -4.526395699833906e-17 8.003689577345742e-20 35.801080592886656
101 -4.5260802712128024e-17 7.688563601311367e-20 34.391499379635746
102 -4.5257754163974314e-17 7.383997196442658e-20 33.02915188961647
103 -4.5254857560368834e-17 7.094605778344596e-20 31.734683209628717
104 -4.525215598395275e-17 6.824692809776037e-20 30.527343038898
105 -4.524968862565583e-17 6.578173106662208e-20 29.42464263133927
106 -4.524749010085388e-17 6.358504533868201e-20 28.44204926582663
107 -4.5245589862355094e-17 6.168629371339928e-20 27.592723972713937
108 -4.5244011720930635e-17 6.010926419156624e-20 26.887307296281193
109 -4.52427734817432e-17 5.887174677821166e-20 26.33375683405424
110 -4.5241886702583654e-17 5.798529192752935e-20 25.93723918747958
111 -4.524135657722918e-17 5.745509394797571e-20 25.700077808183803
112 -4.5241181944631346e-17 5.728000007205673e-20 25.621757054954703
113 -4.5241355422029897e-17 5.745264329630773e-20 25.698981614022063
114 -4.524186365756677e-17 5.79596945688662e-20 25.925789304377435
115 -4.5242687695563487e-17 5.878222749935867e-20 26.29371421513628
116 -4.524380344538961e-17 5.989618653991641e-20 26.791996126282164
117 -4.524518224286767e-17 6.127294758387601e-20 27.40783126850779
118 -4.5246791491384646e-17 6.287995819134644e-20 28.126658700727518
119 -4.524859536847931e-17 6.468144321286783e-20 28.932475940627945
120 -4.525055558253244e-17 6.663916047088963e-20 29.808176986441953
121 -4.525263216343368e-17 6.871319039264424e-20 30.735905525426837
122 -4.525478427068874e-17 7.086274307761655e-20 31.69741594096285
123 -4.525697100237135e-17 7.30469662300375e-20 32.67443470658325
124 -4.525915218862813e-17 7.522573768507818e-20 33.64901488865547
125 -4.5261289154084566e-17 7.736042689209363e-20 34.6038767633269
126 -4.52633454344402e-17 7.941461066739071e-20 35.52272797789887
127 -4.5265287433787254e-17 8.135472976406587e-20 36.39055723924936
128 -4.5267085010677646e-17 8.315067429338637e-20 37.1938961770381
129 -4.526871198265416e-17 8.477628773243547e-20 37.9210447899604
130 -4.5270146540854925e-17 8.620978112442026e-20 38.562256720531515
131 -4.5271371568279595e-17 8.743405107711002e-20 39.10988149808106
132 -4.5272374857411725e-17 8.843689724624462e-20 39.55846182064977
133 -4.5273149224998265e-17 8.921113710935904e-20 39.90478489414879
134 -4.527369252390723e-17 8.975461794722176e-20 40.14788779174349
135 -4.5274007554049156e-17 9.007012801271315e-20 40.28901771905222
136 -4.527410187632605e-17 9.01652108407395e-20 40.33154895363191
137 -4.527398753541081e-17 9.005188850109141e-20 40.280859053986134
138 -4.527368069887798e-17 8.974630128599259e-20 40.144167689207634
139 -4.527320122167119e-17 8.926827282640813e-20 39.93034211236721
140 -4.527257214622434e-17 8.864081092116932e-20 39.64967387778195
141 -4.527181914958319e-17 8.788955542028116e-20 39.31363187523759
142 -4.527096994969756e-17 8.704218531265073e-20 38.93459711605418
143 -4.527005368359861e-17 8.612779771791788e-20 38.52558495165409
144 -4.5269100270463404e-17 8.517627176592286e-20 38.09996053226107
145 -4.526813977258225e-17 8.421763036438698e-20 37.67115332098183
146 -4.5267201767000226e-17 8.328141260936002e-20 37.2523763684738
147 -4.526631474010127e-17 8.239606909265948e-20 36.856355829602556
148 -4.5265505516661783e-17 8.158839161960385e-20 36.49507587207186
149 -4.5264798733941953e-17 8.088298788737049e-20 36.179543696265206
150 -4.5264216370203254e-17 8.030181051247931e-20 35.91957886584331
151 -4.5263777335727906e-17 7.986374846268666e-20 35.72363055228425
152 -4.52634971329223e-17 7.958428747529054e-20 35.59862563754273
153 -4.526338759051156e-17 7.947524446502154e-20 35.54984991278473
154 -4.5263456675188745e-17 7.954457927735218e-20 35.58086387428528
155 -4.526370838238954e-17 7.979628546579029e-20 35.69345386732434
156 -4.526414270620773e-17 8.023036010375352e-20 35.8876185828205
157 -4.526475568682594e-17 8.08428510216837e-20 36.16159018683293
158 -4.526553953232564e-17 8.16259783253199e-20 36.51188867656106
159 -4.5266482810289475e-17 8.256832563599406e-20 36.93340742350781
160 -4.52675707033785e-17 8.36550952291986e-20 37.41952729880059
161 -4.526878532194694e-17 8.486842015960276e-20 37.96225628896169
162 -4.527010606588492e-17 8.618772556981584e-20 38.55239111192335
163 -4.5271510027191973e-17 8.759013070112577e-20 39.17969703932983
164 -4.5272972424326935e-17 8.905088266539563e-20 39.833101925834505
165 -4.527446705914157e-17 9.05438127999594e-20 40.50090033993531
166 -4.527596678718557e-17 9.204180640701186e-20 41.17096368179095
167 -4.5277443992361444e-17 9.351727686486187e-20 41.83095225660309
168 -4.527887105727725e-17 9.494263547429383e-20 42.468525440281724
169 -4.528022082120219e-17 9.629074894824882e-20 43.071546317878344
170 -4.52814670182097e-17 9.75353771423804e-20 43.62827748361979
171 -4.528258468890848e-17 9.865158443033288e-20 44.12756505203654
172 -4.528355056005712e-17 9.961611902166565e-20 44.55900832960532
173 -4.5284343387310334e-17 1.0040775547246594e-19 44.91311302221593
174 -4.5284944257323304e-17 1.0100759661950397e-19 45.18142629249596
175 -4.5285336846437325e-17 1.0139933215032626e-19 45.35665242007794
176 -4.5285507634108e-17 1.0156945197819045e-19 45.43274824574631
177 -4.528544607016668e-17 1.01507413499354e-19 45.40499798682859
178 -4.528514469583315e-17 1.0120576265154582e-19 45.27006738752273
179 -4.528459921916694e-17 1.0066020945088341e-19 45.02603750710476
180 -4.5283808546304396e-17 9.986965934853739e-20 44.67241874599096
181 -4.5282774770387827e-17 9.883620231068733e-20 44.21014596112334
182 -4.5281503120559884e-17 9.756506198239597e-20 43.641555726604025
183 -4.528000187373682e-17 9.606450764843448e-20 42.97034695313762
184 -4.5278282232136894e-17 9.434573195580428e-20 42.20152619243348
185 -4.5276358169688165e-17 9.24226975208205e-20 41.341339023448064
186 -4.5274246250515896e-17 9.031195561783468e-20 40.39718895054334
187 -4.527196542271817e-17 8.803244014874272e-20 39.37754524456196
188 -4.526953679056942e-17 8.560524003555451e-20 38.29184113238259
189 -4.5266983368196364e-17 8.30533530765693e-20 37.15036369501221
190 -4.5264329817635035e-17 8.040142417439985e-20 35.96413677509387
191 -4.5261602174030147e-17 7.767547069515453e-20 34.74479812808845
192 -4.5258827560577716e-17 7.490259756554215e-20 33.50447198315537
193 -4.525603389568027e-17 7.211070457007197e-20 32.255638115079606
194 -4.5253249594639863e-17 6.932818818362307e-20 31.010998471829964
195 -4.525050326812665e-17 6.658364017296675e-20 29.78334235684682
196 -4.524782341957847e-17 6.390554512945212e-20 28.5854111332314
197 -4.524523814365756e-17 6.132197905656381e-20 27.429763399786996
198 -4.5242774827876894e-17 5.886031113045457e-20 26.3286415863547
199 -4.524045985953756e-17 5.654691077643082e-20 25.29384092701325
200 -4.523831834017575e-17 5.440686225512312e-20 24.336581792415064
201 -4.523637380977002e-17 5.246368902219084e-20 23.467386393894632
202 -4.523464798307091e-17 5.073909020688211e-20 22.695960908428212
203 -4.523316050046589e-17 4.925269163848499e-20 22.031084110970205
204 -4.5231928695898244e-17 4.802181392593059e-20 21.480503634787343
205 -4.523096738439762e-17 4.706126015461416e-20 21.05084100671594
206 -4.523028867182772e-17 4.638312579620524e-20 20.747506618449293
207 -4.5229901789438164e-17 4.599663342276194e-20 20.574625792969197
208 -4.5229812955770483e-17 4.590799476776603e-20 20.534977083452333
209 -4.523002526836518e-17 4.612030257690623e-20 20.629943897345782
210 -4.523053862755798e-17 4.663345453519786e-20 20.859480468419154
211 -4.523134969443856e-17 4.7444111340609317e-20 21.222093102795363
212 -4.523245188477413e-17 4.854569071581446e-20 21.714837500364315
213 -4.5233835400341126e-17 4.992839880889229e-20 22.333332800542266
214 -4.523548729872842e-17 5.157930003252486e-20 23.071792821848657
215 -4.523739160220282e-17 5.348242593317859e-20 23.92307475987591
216 -4.5239529445719446e-17 5.561892317244243e-20 24.87874538040903
217 -4.524187926361173e-17 5.796724014950983e-20 25.929164497007438
218 -4.5244417013903426e-17 6.050335120583067e-20 27.063585259362437
219 -4.524711643856713e-17 6.320101674089176e-20 28.27027050496142
220 -4.524994935744325e-17 6.603207694397994e-20 29.53662414742348
221 -4.525288599288993e-17 6.896677622381702e-20 30.84933629621445
222 -4.525589532164569e-17 7.197411481013935e-20 32.19454053056868
223 -4.5258945449788495e-17 7.502222342305606e-20 33.55798149179462
224 -4.5262004006159244e-17 7.807875637183252e-20 34.92519071919508
225 -4.526503854912115e-17 8.111129796862808e-20 36.28166844186262
226 -4.5268016981136045e-17 8.40877767378199e-20 37.61306885749683
227 -4.527090796531022e-17 8.697688157966053e-20 38.90538628540907
228 -4.527368133782994e-17 8.974847381819922e-20 40.145139478528904
229 -4.527630851008617e-17 9.23739889355851e-20 41.31955132205452
230 -4.527876285425998e-17 9.482682177365757e-20 42.41672113690176
231 -4.528102006623028e-17 9.708268907217786e-20 43.42578684566911
232 -4.5283058499869584e-17 9.911996341166074e-20 44.33707434767433
233 -4.5284859467088534e-17 1.0091997293552136e-19 45.14223158683188
234 -4.528640749841899e-17 1.0246726163682092e-19 45.83434497979107
235 -4.528769055940907e-17 1.0374980550285385e-19 46.408036098968445
236 -4.5288700218734444e-17 1.0475918040802195e-19 46.859536772240986
237 -4.5289431764565836e-17 1.0549067832233027e-19 47.18674106384428
238 -4.52898842665289e-17 1.0594336914887104e-19 47.38923293472492
239 -4.529006058134633e-17 1.0612010630763655e-19 47.468288740220316
240 -4.5289967301144243e-17 1.0602747503333635e-19 47.42685410329949
241 -4.52896146442681e-17 1.0567568323992565e-19 47.26949509747971
242 -4.5289016289369555e-17 1.0507839571258052e-19 47.00232407970143
243 -4.5288189154441817e-17 1.0425251330727913e-19 46.63290092470886
244 -4.5287153123408066e-17 1.0321789975735479e-19 46.17011082365127
245 -4.5285930723767996e-17 1.0199705959364838e-19 45.62402021544479
246 -4.52845467596947e-17 1.0061477156819464e-19 45.00571281454403
247 -4.528302790582255e-17 9.909768281818847e-20 44.32710807755791
248 -4.528140226776507e-17 9.747386980407077e-20 43.60076480768955
249 -4.527969891612886e-17 9.57723727888429e-20 42.83967292397696
250 -4.527794740146159e-17 9.402271128016627e-20 42.05703671505022
251 -4.527617725811001e-17 9.225438841654943e-20 41.26605314749929
252 -4.5274417505432546e-17 9.049639272745438e-20 40.479688999577014
253 -4.527269615512789e-17 8.877670601768097e-20 39.71046073433573
254 -4.527103973360675e-17 8.712182630240377e-20 38.97022110502942
255 -4.526947282837305e-17 8.555631473523361e-20 38.26995649276866
256 -4.526801766719482e-17 8.41023753139596e-20 37.619598905868486
257 -4.526669373853586e-17 8.27794758062876e-20 37.02785641719789
258 -4.5265517461155404e-17 8.160401780373001e-20 36.50206557690554
259 -4.526450191007567e-17 8.05890630832709e-20 36.048069012019546
260 -4.5263656605182825e-17 7.974412253647855e-20 35.67012101291758
261 -4.526298736763551e-17 7.907501282343189e-20 35.370823413594515
262 -4.526249624797269e-17 7.858378463976826e-20 35.15109350499564
263 -4.52621815284077e-17 7.82687250716205e-20 35.01016508839707
264 -4.526203780025464e-17 7.812443498387805e-20 34.94562309173289
265 -4.526205611583081e-17 7.814198077665187e-20 34.95347145135617
266 -4.5262224212511245e-17 7.830911819257972e-20 35.028233222660454
267 -4.526252680496875e-17 7.861058420695896e-20 35.16308114464079
268 -4.526294594002254e-17 7.902845142920427e-20 35.349996166221274
269 -4.526346140700091e-17 7.954253793397619e-20 35.57995076667391
270 -4.526405119515624e-17 8.013086406855436e-20 35.84311328885058
271 -4.5264691988475565e-17 8.077014659177314e-20 36.12906897109194
272 -4.5265359687247174e-17 8.143631952664296e-20 36.4270529283606
273 -4.526602994503126e-17 8.210507038510616e-20 36.726190009440934
274 -4.526667870921766e-17 8.275237997333674e-20 37.01573625574196
275 -4.526728275320605e-17 8.335505382543814e-20 37.285316615422325
276 -4.526782018836846e-17 8.389123344929992e-20 37.525153627348324
277 -4.526827094439452e-17 8.434087599867634e-20 37.72628198187348
278 -4.526861720732809e-17 8.468619169927385e-20 37.88074418468145
279 -4.526884380558272e-17 8.491202933442599e-20 37.9817629873081
280 -4.5268938535453586e-17 8.500620131088208e-20 38.023886791412636
281 -4.5268892419043386e-17 8.495974124392101e-20 38.00310486845635
282 -4.526869988912311e-17 8.47670885847966e-20 37.91692994489023
283 -4.5268358897154384e-17 8.442619651992462e-20 37.76444646623932
284 -4.526787094247852e-17 8.393856115533759e-20 37.546323651519764
285 -4.526724102251054e-17 8.330917181586617e-20 37.26479326170432
286 -4.526647750556791e-17 8.254638409074322e-20 36.923592812105575
287 -4.5265591929717746e-17 8.166171900196632e-20 36.527875738936444
288 -4.5264598732675504e-17 8.06695933176538e-20 36.0840907665297
289 -4.5263514919297406e-17 7.958698754228346e-20 35.59983339697775
290 -4.52623596745503e-17 7.843305945607966e-20 35.08367304351389
291 -4.526115393098623e-17 7.722871221886632e-20 34.54495984025153
292 -4.5259919900682286e-17 7.599612697684185e-20 33.99361557382441
293 -4.525868058227748e-17 7.475827059703993e-20 33.43991348946141
294 -4.525745925419145e-17 7.353838959260849e-20 32.894251920114726
295 -4.5256278965286346e-17 7.235950148716571e-20 32.36692677006875
296 -4.5255162034171704e-17 7.124389479876258e-20 31.86790785416111
297 -4.5254129568026163e-17 7.021264850929646e-20 31.40662395298643
298 -4.525320101127265e-17 6.928518133472488e-20 30.991761198212952
299 -4.5252393733658286e-17 6.847884034117121e-20 30.631079057600292
300 -4.5251722666330995e-17 6.78085374825735e-20 30.331247755668947
301 -4.525119999334877e-17 6.728644149151824e-20 30.09771045424863
302 -4.525083490477234e-17 6.692173126446217e-20 29.934572939909717
303 -4.5250633416082265e-17 6.672041547670092e-20 29.844522936438057
304 -4.5250598257168387e-17 6.668522167443453e-20 29.828780494916142
305 -4.5250728832606445e-17 6.68155565557638e-20 29.88708022712641
306 -4.52510212533818e-17 6.710753760469178e-20 30.01768545566818
307 -4.525146843869974e-17 6.755409471716367e-20 30.217433672018103
308 -4.52520602850393e-17 6.814513898961874e-20 30.481812036866494
309 -4.525278389824494e-17 6.886779446010909e-20 30.805061039590754
310 -4.5253623883161264e-17 6.970668732847087e-20 31.180303868523378
311 -4.525456268421328e-17 7.064428606031688e-20 31.599698541920237
312 -4.525558096936355e-17 7.166128482042484e-20 32.05460942047989
313 -4.52566580491002e-17 7.273702190030517e-20 32.5357943730118
314 -4.5257772321514256e-17 7.384992421317669e-20 33.033603602244
315 -4.525890173413298e-17 7.49779685329829e-20 33.53818596036093
316 -4.5260024252974376e-17 7.609914995321443e-20 34.03969849401254
317 -4.526111832927416e-17 7.71919480323323e-20 34.5285149545233
318 -4.5262163354518026e-17 7.82357812675808e-20 34.99542908730578
319 -4.5263140094761734e-17 7.921144088655963e-20 35.43184866995868
320 -4.526403109572083e-17 8.010149545198173e-20 35.82997649489252
321 -4.5264821050770216e-17 8.089065842348218e-20 36.18297478237707
322 -4.5265497124762124e-17 8.156611159381554e-20 36.485109855884566
323 -4.526604922745617e-17 8.211777819734718e-20 36.731874305487196
324 -4.526647023132598e-17 8.253854045841948e-20 36.92008429880993
325 -4.5266756129543256e-17 8.282439738836202e-20 37.04795016477099
326 -4.5266906131049133e-17 8.297455973566402e-20 37.11511886547863
327 -4.526692269074381e-17 8.299148012798944e-20 37.122687478971834
328 -4.5266811473990103e-17 8.288081760190363e-20 37.0731873331113
329 -4.5266581255800765e-17 8.265133688168689e-20 36.97053895226645
330 -4.526624375621862e-17 8.231474392818126e-20 36.81997849712885
331 -4.526581341456389e-17 8.188546041822152e-20 36.627956887735515
332 -4.526530710631198e-17 8.138034092077866e-20 36.4020132943186
333 -4.526474380742806e-17 8.081833759318436e-20 36.15062515350884
334 -4.5264144211986936e-17 8.022011821500348e-20 35.88303731213253
335 -4.52635303098067e-17 7.960764429310603e-20 35.60907331056809
336 -4.5262924931671104e-17 7.900371679371314e-20 35.33893218541471
337 -4.526235127040642e-17 7.843149776985058e-20 35.08297449000294
338 -4.5261832386682113e-17 7.791401674007456e-20 34.85150149403943
339 -4.526139070884974e-17 7.747367112134752e-20 34.65453172363013
340 -4.526104753641777e-17 7.71317303114172e-20 34.50157913375255
341 -4.526082255690315e-17 7.690785314149535e-20 34.401437261359526
342 -4.5260733385735494e-17 7.681962836822575e-20 34.361973684123164
343 -4.5260795138656084e-17 7.68821476375663e-20 34.38993900410015
344 -4.526102004564051e-17 7.710761992849147e-20 34.49079438561973
345 -4.526141711473606e-17 7.750503587158467e-20 34.66856140256963
346 -4.526199185344324e-17 7.807988954131022e-20 34.92569759407328
347 -4.52627460542604e-17 7.883396435039788e-20 35.26300069350415
348 -4.526367764991403e-17 7.97651885445144e-20 35.67954399021041
349 -4.526478064249955e-17 8.086756452406459e-20 36.17264471464689
350 -4.526604510938078e-17 8.213117483082701e-20 36.73786671624039
351 -4.5267457287207947e-17 8.354226615732817e-20 37.36905804138851
352 -4.5268999733875063e-17 8.508341119683564e-20 38.05842333012866
353 -4.52706515666634e-17 8.673374658447006e-20 38.79663024891307
354 -4.527238877326725e-17 8.846928361964569e-20 39.572948478997
355 -4.5274184590856064e-17 9.02632869418042e-20 40.37541910082492
356 -4.5276009946910786e-17 9.208671488972946e-20 41.191051569927296
357 -4.527783395421121e-17 9.390871394263362e-20 42.00604488398355
358 -4.527962445117889e-17 9.56971584492854e-20 42.806029007552965
359 -4.528134857773973e-17 9.741922582701196e-20 43.57632216273571
360 -4.5282973376049005e-17 9.904199657876194e-20 44.30219922113166
361 -4.528446640477496e-17 1.0053306785230223e-19 44.96916615329318
362 -4.5285796355269e-17 1.0186116886484036e-19 45.56323531259633
363 -4.528693365774091e-17 1.0299676634754655e-19 46.0711962549412
364 -4.5287851065667424e-17 1.0391264823106311e-19 46.480876825488956
365 -4.52885242069203e-17 1.0458447409352207e-19 46.781389378029196
366 -4.528893209066797e-17 1.0499128142046831e-19 46.963357228694
367 -4.528905755981983e-17 1.0511593747061793e-19 47.01911677876988
368 -4.528888767974575e-17 1.0494552748783089e-19 46.942891164712336
369 -4.5288414055136064e-17 1.0447167112986502e-19 46.73093179900923
370 -4.528763306815e-17 1.0369076027728429e-19 46.38162474382013
371 -4.528654603244183e-17 1.0260411281775607e-19 45.89555949980142
372 -4.5285159259205e-17 1.012180385463242e-19 45.27555848377357
373 -4.5283484032996745e-17 9.954381495394454e-20 44.52666619875852
374 -4.528153649680577e-17 9.759757236617726e-20 43.65609785568852
375 -4.5279337447545306e-17 9.54000896120677e-20 42.673147974623234
376 -4.5276912044864526e-17 9.297650311974606e-20 41.58906026111382
377 -4.5274289437869223e-17 9.035593401949008e-20 40.41686080671411
378 -4.527150231595233e-17 8.757103945594209e-20 39.171157387699985
379 -4.526858639147653e-17 8.46574958378623e-20 37.86790831895791
380 -4.526557982344623e-17 8.165342315554286e-20 36.52416494701326
381 -4.526252259255383e-17 7.85987607428178e-20 35.15779242387627
382 -4.525945583905754e-17 7.553460592379908e-20 33.78717387895826
383 -4.525642117580104e-17 7.250252783724632e-20 32.430903487764496
384 -4.5253459989290845e-17 6.954386934976776e-20 31.107474212635427
385 -4.525061274213626e-17 6.669905033230981e-20 29.834966153296566
386 -4.524791829022699e-17 6.400688566657463e-20 28.630741486211587
387 -4.5245413227847527e-17 6.150393115845544e-20 27.511151886945537
388 -4.524313127344592e-17 5.922387005992127e-20 26.49126411698035
389 -4.5241102708019664e-17 5.719695214166689e-20 25.584609116866563
390 -4.523935387704063e-17 5.544949622649344e-20 24.80295948581743
391 -4.523790676555752e-17 5.4003465805916396e-20 24.15613965195759
392 -4.523677865460005e-17 5.2876125845887134e-20 23.651872359047744
393 -4.5235981865276376e-17 5.207978717525301e-20 23.295664329599663
394 -4.523552359510913e-17 5.162164298294023e-20 23.0907331288872
395 -4.5235405849156667e-17 5.150369997280049e-20 23.037976370012743
396 -4.523562546643331e-17 5.172280468888202e-20 23.135983489390775
397 -4.523617424009627e-17 5.2270763481469305e-20 23.381089408422483
398 -4.52370391278683e-17 5.3134552589265355e-20 23.76746850477069
399 -4.523820254727115e-17 5.429661291808278e-20 24.287266468993906
400 -4.5239642748481533e-17 5.573522235083008e-20 24.930766841487777
401 -4.524133425609181e-17 5.742493687201001e-20 25.68658833065397
402 -4.5243248369711115e-17 5.933709047055483e-20 26.541908423042955
403 -4.5245353712302624e-17 6.144034272806215e-20 27.482708323520374
404 -4.524761681437032e-17 6.370126222722225e-20 28.494033918063273
405 -4.5250002721635705e-17 6.608493344018148e-20 29.560267239301076
406 -4.525247561367092e-17 6.85555745822985e-20 30.66540283695585
407 -4.525499942108035e-17 7.107715403782526e-20 31.79332350949421
408 -4.5257538429218976e-17 7.361399336679891e-20 32.92807003345809
409 -4.526005785710614e-17 7.613134556582085e-20 34.05409982368082
410 -4.526252440109548e-17 7.859593815214631e-20 35.15652985871637
411 -4.526490673395463e-17 8.09764717384044e-20 36.2213596969066
412 -4.526717595127562e-17 8.324406602848655e-20 37.23567097355813
413 -4.5269305958537215e-17 8.537264655561347e-20 38.18780039166822
414 -4.527127379360967e-17 8.733926696224517e-20 39.06748388005241
415 -4.5273059881035774e-17 8.912436314945579e-20 39.86597027619243
416 -4.527464821594683e-17 9.071193716297669e-20 40.57610357978918
417 -4.527602647701464e-17 9.20896701987181e-20 41.19237350094744
418 -4.5277186069271197e-17 9.324896556939775e-20 41.710934679458646
419 -4.5278122099031054e-17 9.418492384646056e-20 42.12959556560232
420 -4.5278833284387743e-17 9.489625365203915e-20 42.4477785167468
421 -4.527932180590636e-17 9.538512270258657e-20 42.66645316809204
422 -4.52795931030905e-17 9.56569546815117e-20 42.78804557233481
423 -4.5279655623031693e-17 9.572017832945129e-20 42.816325965938134
424 -4.527952052827099e-17 9.558593577876254e-20 42.756278305046756
425 -4.527920137137689e-17 9.526775761867156e-20 42.613954919785094
426 -4.527871374401612e-17 9.478121245856036e-20 42.3963197613886
427 -4.527807490839589e-17 9.414353886228841e-20 42.11108376377187
428 -4.527730341890858e-17 9.337326746298737e-20 41.76653581275155
429 -4.527641874155822e-17 9.248984084553439e-20 41.37137271673572
430 -4.5275440878418195e-17 9.151323841593892e-20 40.93453140809578
431 -4.527439000381987e-17 9.04636129787852e-20 40.465026381635894
432 -4.5273286118421933e-17 8.936094513340847e-20 39.97179510351067
433 -4.527214872653948e-17 8.822472089605178e-20 39.46355380929137
434 -4.527099654139286e-17 8.707363717944752e-20 38.94866576285897
435 -4.526984722206612e-17 8.59253389343219e-20 38.43502367790388
436 -4.5268717145134204e-17 8.479619090062646e-20 37.92994762060586
437 -4.5267621213031276e-17 8.370108605085883e-20 37.44009932495027
438 -4.526657270039419e-17 8.26532919537959e-20 36.971413470118044
439 -4.526558313877725e-17 8.166433546312748e-20 36.529046100880066
440 -4.526466223936666e-17 8.074392535889551e-20 36.117340024555155
441 -4.5263817852596306e-17 7.989991185523199e-20 35.73980669852925
442 -4.52630559629439e-17 7.913828124812189e-20 35.39912383616116
443 -4.526238071660923e-17 7.846318342160412e-20 35.097147710504615
444 -4.526179447933048e-17 7.787698946694347e-20 34.834938927779326
445 -4.5261297921214704e-17 7.738037630096132e-20 34.61280027776048
446 -4.526089012519379e-17 7.697243489812172e-20 34.43032514677121
447 -4.52605687155359e-17 7.665079857462404e-20 34.28645490008232
448 -4.526033000276127e-17 7.641178767757381e-20 34.17954360242164
449 -4.526016914131294e-17 7.62505670319418e-20 34.1074284451341
450 -4.526008029640198e-17 7.616131257420141e-20 34.06750428260933
451 -4.5260056816597894e-17 7.613738374442657e-20 34.05680074451001
452 -4.5260091408935705e-17 7.617149840732484e-20 34.07206047921132
453 -4.526017631354487e-17 7.625590731559005e-20 34.10981719251657
454 -4.5260303475091634e-17 7.638256540431867e-20 34.16647226888471
455 -4.526046470861849e-17 7.654329750151404e-20 34.238368894933814
456 -4.526065185767104e-17 7.672995634600795e-20 34.32186274199676
457 -4.5260856942912747e-17 7.693457111057603e-20 34.41338840158169
458 -4.5261072299722415e-17 7.714948492599707e-20 34.50952090087541
459 -4.5261290703555296e-17 7.736748018422173e-20 34.607031751754214
460 -4.5261505482107734e-17 7.758189066022998e-20 34.70293910369922
461 -4.526171061356416e-17 7.778669972886285e-20 34.794551676893384
462 -4.526190081041736e-17 7.79766241629192e-20 34.87950624571444
463 -4.5262071588524347e-17 7.814718318177098e-20 34.95579852467838
464 -4.5262219321237905e-17 7.829475257682121e-20 35.02180737914708
465 -4.5262341278561934e-17 7.841660387377458e-20 35.07631234289433
466 -4.526243565141666e-17 7.851092860543785e-20 35.118504475504494
467 -4.5262501561179293e-17 7.857684786693157e-20 35.14799063648755
468 -4.526253905476198e-17 7.861440741259749e-20 35.164791292090484
469 -4.526254908556571e-17 7.862455863552063e-20 35.16933200730033
470 -4.5262533480737295e-17 7.860912585134487e-20 35.162428811659005
471 -4.5262494895228075e-17 7.857076039240955e-20 35.14526766523955
472 -4.526243675325486e-17 7.851288210997416e-20 35.119378292169515
473 -4.5262363177860935e-17 7.843960898428912e-20 35.08660269470796
474 -4.5262278909393164e-17 7.835567565627551e-20 35.049058711878466
475 -4.526218921382872e-17 7.826634182107669e-20 35.00909904324418
476 -4.5262099782033293e-17 7.817729156189499e-20 34.969266220207096
477 -4.526201662117723e-17 7.809452485007482e-20 34.93224407321293
478 -4.526194593968491e-17 7.802424259078857e-20 34.90080631185747
479 -4.526189402725364e-17 7.797272674811742e-20 34.87776290397093
480 -4.526186713162775e-17 7.794621723297248e-20 34.8659050066973
481 -4.5261871333948103e-17 7.795078737552235e-20 34.86794926441329
482 -4.5261912424620324e-17 7.79922199234397e-20 34.88648234184993
483 -4.526199578174085e-17 7.807588560102646e-20 34.92390660271357
484 -4.526212625417713e-17 7.820662632502013e-20 34.98238787127399
485 -4.52623080514237e-17 7.838864519407732e-20 35.06380622386711
486 -4.526254464232759e-17 7.862540534503156e-20 35.16971074656985
487 -4.526283866471089e-17 7.891953969576979e-20 35.30127916253793
488 -4.526319184778322e-17 7.927277346937637e-20 35.459283176496854
489 -4.52636049490688e-17 7.968586121631723e-20 35.6440603043108
490 -4.526407770733557e-17 8.015853982221778e-20 35.8554928530228
491 -4.5264608812741877e-17 8.068949871167097e-20 36.09299459280326
492 -4.526519589509211e-17 8.127636813907304e-20 36.35550551935634
493 -4.52658355307426e-17 8.191572610323796e-20 36.64149494687688
494 -4.5266523268309807e-17 8.26031240427816e-20 36.94897300178099
495 -4.526725367295133e-17 8.333313107467006e-20 37.275510410927744
496 -4.5268020388578565e-17 8.409939614058454e-20 37.61826630013622
497 -4.5268816216975655e-17 8.489472703708882e-20 37.974023544949375
498 -4.526963321243397e-17 8.571118493823102e-20 38.339231051275284
499 -4.5270462790170383e-17 8.654019268486664e-20 38.710052193982214
500 -4.5271295846512994e-17 8.737265482435925e-20 39.0824185115223
501 -4.527212288859374e-17 8.819908714653564e-20 39.45208764829828
502 -4.527293417111105e-17 8.900975328408823e-20 39.81470445700851
503 -4.527371983761674e-17 8.979480583298866e-20 40.16586412282548
504 -4.5274470063732155e-17 9.0544429403365e-20 40.50117615108472
505 -4.5275175199719125e-17 9.124898303359493e-20 40.816328070135505
506 -4.5275825909925674e-17 9.189913948733903e-20 41.107147739908314
507 -4.5276413306770074e-17 9.248601909975178e-20 41.369663222290114
508 -4.527692907711516e-17 9.300131603780427e-20 41.600159258277095
509 -4.52773655991569e-17 9.343741508137958e-20 41.795229505000705
510 -4.527771604818355e-17 9.378749730602702e-20 41.951823808385676
511 -4.52779744899019e-17 9.404563334360825e-20 42.067289919309474
512 -4.5278135960296856e-17 9.420686320185728e-20 42.139409197467025
513 -4.5278196531317053e-17 9.42672619266942e-20 42.166425982597154
514 -4.5278153361962315e-17 9.422399068137233e-20 42.14707044255338
515 -4.5278004734608784e-17 9.407533308487323e-20 42.08057482773002
516 -4.527775007666828e-17 9.382071689078498e-20 41.96668316818079
517 -4.527738996785876e-17 9.346072129159386e-20 41.80565454088113
518 -4.527692613354328e-17 9.299707029850711e-20 41.59826010847518
519 -4.527636142471679e-17 9.243261277251594e-20 41.34577418702627
520 -4.527569978530125e-17 9.177128976954878e-20 41.04995963926855
521 -4.527494620747244e-17 9.101808991452668e-20 40.71304791310014
522 -4.527410667574935e-17 9.017899354097534e-20 40.33771405482883
523 -4.527318810059048e-17 8.926090633113795e-20 39.92704702591606
524 -4.527219824220462e-17 8.82715831738814e-20 39.48451564406933
525 -4.527114562528194e-17 8.721954293232731e-20 39.013930458188995
526 -4.5270039445294187e-17 8.611397478842e-20 38.51940185561818
527 -4.526888946703205e-17 8.496463681561458e-20 38.00529469297485
528 -4.526770591601774e-17 8.37817474307877e-20 37.47617974180877
529 -4.52664993634661e-17 8.257587039847942e-20 36.93678225016971
530 -4.5265280605518346e-17 8.13577941092877e-20 36.39192794296282
531 -4.5264060537542415e-17 8.013840593256788e-20 35.846486819005136
532 -4.526285002440862e-17 7.892856255248159e-20 35.30531515140525
533 -4.526165976778375e-17 7.773895733481083e-20 34.77319615978298
534 -4.526050017166072e-17 7.657998593663191e-20 34.25477989650738
535 -4.525938120751071e-17 7.546161155670569e-20 33.75452297222476
536 -4.525831228066492e-17 7.43932314241581e-20 33.27662883528274
537 -4.525730209972066e-17 7.338354632781762e-20 32.82498941126213
538 -4.525635855097969e-17 7.244043518809419e-20 32.40312899807398
539 -4.5255488580103205e-17 7.157083685605871e-20 32.01415139383553
540 -4.5254698083322e-17 7.078064147817619e-20 31.66069130353202
541 -4.5253991810662296e-17 7.00745938774707e-20 31.344871120715112
542 -4.525337328369327e-17 6.945621146048956e-20 31.06826420669599
543 -4.5252844730308364e-17 6.892771915280461e-20 30.831865786725984
544 -4.5252407038967765e-17 6.849000378383261e-20 30.636072545997767
545 -4.525205973465504e-17 6.814259017628371e-20 30.480671934283283
546 -4.5251800978567246e-17 6.788364094087992e-20 30.36484207410982
547 -4.525162759318486e-17 6.770998163041506e-20 30.287163012352416
548 -4.5251535113952125e-17 6.761715246947499e-20 30.245639859310693
549 -4.525151786826461e-17 6.75994873516327e-20 30.23773812472388
550 -4.525156908185195e-17 6.765022019300018e-20 30.26043129048138
551 -4.5251681011984205e-17 6.77616180618963e-20 30.310260360483227
552 -4.525184510620162e-17 6.792513978505379e-20 30.383404806340035
553 -4.525205218451798e-17 6.813161798062811e-20 30.475763992050506
554 -4.5252292642292526e-17 6.837146170957509e-20 30.58304782142382
555 -4.525255667021097e-17 6.863487619422257e-20 30.700875019781076
556 -4.5252834487126437e-17 6.891209535198273e-20 30.8248771479615
557 -4.5253116580860554e-17 6.919362225949189e-20 30.95080616366608
558 -4.5253393951542764e-17 6.947047212386789e-20 31.074643104252946
559 -4.5253658351631495e-17 6.973441191752059e-20 31.192705277116026
560 -4.5253902516481913e-17 6.997819055274729e-20 31.301749218441262
561 -4.525412037920766e-17 7.019575335039617e-20 31.399066626586226
562 -4.525430726362633e-17 7.038243460700163e-20 31.482570498748267
563 -4.5254460049312225e-17 7.053512229575597e-20 31.550868802896748
564 -4.525457730319892e-17 7.065238935161371e-20 31.603323202546836
565 -4.525465937276127e-17 7.073458658693648e-20 31.640090618597462
566 -4.525470843658732e-17 7.078389305248644e-20 31.662145756166773
567 -4.5254728509068606e-17 7.080432058439725e-20 31.671283138485084
568 -4.525472539700327e-17 7.080167034043562e-20 31.67009766525122
569 -4.5254706607090904e-17 7.078344030268654e-20 31.66194323791668
570 -4.5254681204538923e-17 7.075868397856599e-20 31.650869555629804
571 -4.52546596243224e-17 7.07378218340145e-20 31.641537767943504
572 -4.5254653437935293e-17 7.073240830550547e-20 31.63911625760667
573 -4.5254675079782506e-17 7.075485852334037e-20 31.649158401923586
574 -4.525473753856053e-17 7.081814009954354e-20 31.677464707256906
575 -4.525485402011402e-17 7.093543645246044e-20 31.72993221169281
576 -4.52550375892307e-17 7.111978912198484e-20 31.812394490063
577 -4.5255300798656934e-17 7.138372734262999e-20 31.930455959308457
578 -4.5255655314226786e-17 7.173889375917902e-20 32.08932445839105
579 -4.5256111545409894e-17 7.219567556946462e-20 32.29364625579917
580 -4.525667829074108e-17 7.276285054497296e-20 32.54734771201152
581 -4.525736240752076e-17 7.344725730304029e-20 32.85348778987309
582 -4.525816851485639e-17 7.425349888182921e-20 33.21412546154464
583 -4.525909873853951e-17 7.518368810540281e-20 33.63020580846431
584 -4.5260152505473423e-17 7.62372424321939e-20 34.10146825558861
585 -4.526132639434422e-17 7.741073497355405e-20 34.62637993091521
586 -4.5262614048039106e-17 7.86978071732696e-20 35.20209660640079
587 -4.526400615195368e-17 8.008914728247233e-20 35.82445306963335
588 -4.526549048084291e-17 8.157253728001452e-20 36.48798411165437
589 -4.526705201529383e-17 8.313296931215683e-20 37.185976611270725
590 -4.526867312726828e-17 8.475283109559554e-20 37.91055246716565
591 -4.5270333832507155e-17 8.641215808390445e-20 38.65278139376653
592 -4.5272012105978204e-17 8.808894857899963e-20 39.40282187287512
593 -4.527368425498928e-17 8.975953641505839e-20 40.15008785787188
594 -4.527532534313058e-17 9.139901438952597e-20 40.88343817745839
595 -4.527690965689267e-17 9.298170029896773e-20 41.591384996854416
596 -4.527841120565915e-17 9.448163628790429e-20 42.262317180132534
597 -4.52798042448123e-17 9.587311126388389e-20 42.88473397024686
598 -4.5281063810950406e-17 9.713119539509533e-20 43.44748407366941
599 -4.5282166257721085e-17 9.823227520627346e-20 43.94000501264692
600 -4.528308978051689e-17 9.915457753801219e-20 44.35255749597969
601 -4.528381491829118e-17 9.987867064216772e-20 44.67644956260857
602 -4.5284325021016836e-17 1.0038793095479747e-19 44.90424537251631
603 -4.528460667184364e-17 1.0066896461563204e-19 45.029953755426746
604 -4.528465005378694e-17 1.0071197358164331e-19 45.04919197604371
605 -4.528444925179468e-17 1.0051105719875643e-19 44.95932062925229
606 -4.528400248228613e-17 1.0006444133191103e-19 44.75954613164744
607 -4.5283312243677245e-17 9.937462858628419e-20 44.450987916570135
608 -4.52823853830267e-17 9.844846475368375e-20 44.03670815605821
609 -4.5281233075659153e-17 9.729711835575868e-20 43.521702610376934
610 -4.527987071647825e-17 9.593597199384245e-20 42.91285202802042
611 -4.5278317723573966e-17 9.438442611484357e-20 42.218834368779554
612 -4.527659725665673e-17 9.266561772206876e-20 41.44999898106493
613 -4.527473585474245e-17 9.080605845600156e-20 40.61820471282947
614 -4.527276299936164e-17 8.883519829894396e-20 39.73662475350866
615 -4.527071061125459e-17 8.678492287545533e-20 38.81952177288215
616 -4.5268612490121635e-17 8.468899388547372e-20 37.88199762277407
617 -4.526650370834018e-17 8.258244357920721e-20 36.939722481305786
618 -4.526441997071721e-17 8.050093532633031e-20 36.0086488308867
619 -4.5262396953239645e-17 7.848010321550816e-20 35.10471605631963
620 -4.5260469634367867e-17 7.655488421842231e-20 34.243551716953974
621 -4.5258671632722684e-17 7.475885674665769e-20 33.44017567841192
622 -4.5257034564995965e-17 7.312359940891799e-20 32.708713280067094
623 -4.525558743757219e-17 7.167808343700813e-20 32.06212356280557
624 -4.52543560846904e-17 7.04481115971557e-20 31.51194829001418
625 -4.525336266504233e-17 6.94558154522523e-20 31.068087069356014
626 -4.525262522744644e-17 6.87192216123281e-20 30.738603333480093
627 -4.525215735478024e-17 6.825189613450421e-20 30.529565277556006
628 -4.525196789365372e-17 6.806267454606237e-20 30.444925096646255
629 -4.5252060775445975e-17 6.815548310712551e-20 30.486439035214488
630 -4.5252434932348757e-17 6.852925494921892e-20 30.653629875299213
631 -4.525308430999948e-17 6.917794267212314e-20 30.943792571176928
632 -4.5253997976205256e-17 7.009062690490093e-20 31.35204280949227
633 -4.525516032321467e-17 7.125171828859522e-20 31.871407357575247
634 -4.525655135901411e-17 7.264124836707418e-20 32.49295418101368
635 -4.525814708127356e-17 7.423524302495215e-20 33.20595948512799
636 -4.5259919925892573e-17 7.600617042922227e-20 33.99810808249341
637 -4.526183928060056e-17 7.792345395052081e-20 34.85572282631992
638 -4.526387205282583e-17 7.995403929088054e-20 35.764018290785714
639 -4.5265983280049985e-17 8.206300405066843e-20 36.707373434723756
640 -4.526813677013443e-17 8.42141972442392e-20 37.6696176615849
641 -4.52702957586737e-17 8.637089583062335e-20 38.634324490348604
642 -4.527242357025995e-17 8.849646516428093e-20 39.58510697990737
643 -4.527448427066112e-17 9.055501038699793e-20 40.50590910135889
644 -4.5276443297307256e-17 9.2512006164812e-20 41.38128742387368
645 -4.5278268056099443e-17 9.433489280753907e-20 42.19667776325777
646 -4.527992847343928e-17 9.59936276726294e-20 42.93864182887341
647 -4.5281397493435766e-17 9.746118182554517e-20 43.59508938340721
648 -4.52826515114989e-17 9.871397317851549e-20 44.15547198895844
649 -4.5283670736940994e-17 9.973222872907506e-20 44.6109450389493
650 -4.528443947871623e-17 1.0050027003838961e-19 44.954495454638405
651 -4.528494635004184e-17 1.0100671769526506e-19 45.181033143346326
652 -4.528518438930675e-17 1.0124461217281605e-19 45.28744505851496
653 -4.528515109636016e-17 1.0121145016896531e-19 45.27261145507484
654 -4.528484838494805e-17 1.0090913719769741e-19 45.13738468317114
655 -4.528428245370632e-17 1.0034385883451958e-19 44.884531595329925
656 -4.528346357968987e-17 9.952587458724797e-20 44.51864134337447
657 -4.5282405839882035e-17 9.846923983382218e-20 44.04600099920477
658 -4.528112676748739e-17 9.719146261586121e-20 43.47444203608034
659 -4.52796469510017e-17 9.571310327568446e-20 42.8131612433729
660 -4.5277989585095505e-17 9.405732595349713e-20 42.072520108023404
661 -4.527617998316697e-17 9.224941180114587e-20 41.263827071544945
662 -4.5274245062084266e-17 9.031624440321029e-20 40.39910735516653
663 -4.5272212810024834e-17 8.828577831273653e-20 39.490865232034594
664 -4.5270111748533713e-17 8.618650179912144e-20 38.55184371046763
665 -4.526797039986614e-17 8.404690486534197e-20 37.59478657422704
666 -4.526581677041889e-17 8.189496332133767e-20 36.63220760482093
667 -4.526367786055313e-17 7.97576492051605e-20 35.67617158935431
668 -4.5261579210403833e-17 7.766047713369758e-20 34.738091399936295
669 -4.5259544490359546e-17 7.562709525542808e-20 33.82854502389876
670 -4.525759514380704e-17 7.367892838854285e-20 32.95711593690412
671 -4.525575008848422e-17 7.183487968295931e-20 32.13225965421332
672 -4.525402548141501e-17 7.011109577225136e-20 31.36119868145078
673 -4.525243455092818e-17 6.852079891245482e-20 30.6498474290816
674 -4.525098749772467e-17 6.707418807270827e-20 30.00276796954208
675 -4.5249691465399495e-17 6.577840938293705e-20 29.423156818275654
676 -4.524855057926915e-17 6.463759479211407e-20 28.9128622258517
677 -4.524756605084262e-17 6.365296628257048e-20 28.47243079377817
678 -4.524673634384726e-17 6.282300155564132e-20 28.10118158688554
679 -4.524605739639611e-17 6.214365578373067e-20 27.797305324624563
680 -4.524552289269671e-17 6.16086328427754e-20 27.557985705303004
681 -4.524512457668941e-17 6.120969842250401e-20 27.379539462562178
682 -4.524485259917114e-17 6.093702658095364e-20 27.257571381711237
683 -4.524469588932452e-17 6.077957068085534e-20 27.187140222246974
684 -4.524464254116146e-17 6.07254492301559e-20 27.162931307101402
685 -4.524468020520331e-17 6.07623369534421e-20 27.17943145170965
686 -4.5244796475717013e-17 6.087785144662351e-20 27.231101917437606
687 -4.5244979264111086e-17 6.10599260102391e-20 27.312545182608293
688 -4.52452171495125e-17 6.129715970887419e-20 27.418661526603234
689 -4.524549969821525e-17 6.157913635281239e-20 27.54479171265539
690 -4.5245817744512044e-17 6.189670492676992e-20 27.686842425644084
691 -4.524616362641897e-17 6.224221497955238e-20 27.84139156358578
692 -4.5246531370923296e-17 6.260970161505311e-20 28.00577098544154
693 -4.5246916824629e-17 6.299501596411472e-20 28.178124872121455
694 -4.524731772699971e-17 6.339589834146103e-20 28.35744245010781
695 -4.52477337247885e-17 6.381199267383408e-20 28.543564445264842
696 -4.5248166327643923e-17 6.424480219536402e-20 28.737163265058157
697 -4.5248618806301414e-17 6.469758781430507e-20 28.93969753726296
698 -4.5249096036146666e-17 6.517521193179083e-20 29.15334224896709
699 -4.5249604290249726e-17 6.568393180883435e-20 29.380896318140252
700 -4.525015098719846e-17 6.623114780391751e-20 29.625669978492358
701 -4.52507444001762e-17 6.682511291305843e-20 29.891354854651293
702 -4.525139333469026e-17 6.747461101195368e-20 30.181880037553086
703 -4.5252106783166574e-17 6.818861200280355e-20 30.501257829130235
704 -4.525289356524252e-17 6.897591268683388e-20 30.853423102001198
705 -4.5253761963013214e-17 6.984477260091138e-20 31.242070406562615
706 -4.525471936068202e-17 7.080255426062699e-20 31.670493049126403
707 -4.525577189806154e-17 7.185537723492712e-20 32.14142835700802
708 -4.5256924147113874e-17 7.300779523588627e-20 32.656913238453335
709 -4.5258178820274505e-17 7.426250494387947e-20 33.21815393803877
710 -4.525953651860273e-17 7.56200946110274e-20 33.82541358517955
711 -4.5260995526947505e-17 7.70788396076489e-20 34.47792074058369
712 -4.526255166223506e-17 7.863455101621395e-20 35.17380167123544
713 -4.526419817977252e-17 8.028048215863504e-20 35.91003853937871
714 -4.5265925741116714e-17 8.200729659388243e-20 36.68245508761962
715 -4.526772244559548e-17 8.38030996759078e-20 37.48573075501333
716 -4.526957392606617e-17 8.565353425177345e-20 38.313443483527216
717 -4.5271463507955074e-17 8.754193954378059e-20 39.158140787162544
718 -4.527337242909225e-17 8.944957073531991e-20 40.01143797428874
719 -4.5275280116381646e-17 9.135587530604632e-20 40.8641417543596
720 -4.527716451396182e-17 9.323882077446163e-20 41.70639683953374
721 -4.527900245623081e-17 9.507526723945793e-20 42.5278525851932
722 -4.528077007801033e-17 9.684137699792117e-20 43.31784621485112
723 -4.5282443253168256e-17 9.851305258010766e-20 44.065598756534115
724 -4.5283998052304243e-17 1.0006639381038601e-19 44.760419489347825
725 -4.528541120956537e-17 1.0147816398494591e-19 45.39191446812753
726 -4.5286660588388764e-17 1.0272625497145653e-19 45.950194565868905
727 -4.528772563590853e-17 1.0379014098384977e-19 46.42607845046062
728 -4.5288587815942965e-17 1.0465131096809503e-19 46.81128599395913
729 -4.528923101090611e-17 1.0529366994614362e-19 47.09861779662892
730 -4.528964188359693e-17 1.0570390029404112e-19 47.28211678924723
731 -4.528981019066689e-17 1.0587177476063973e-19 47.35720824863112
732 -4.528972904057112e-17 1.0579041404525406e-19 47.320815013980166
733 -4.528939508998951e-17 1.0545648292220634e-19 47.17144521479976
734 -4.5288808673987733e-17 1.0487032020072089e-19 46.90925040289895
735 -4.528797386661973e-17 1.0403599921093676e-19 46.536052608220054
736 -4.528689847012125e-17 1.0296131698009683e-19 46.055339497270005
737 -4.5285593932375264e-17 1.0165771177542516e-19 45.4722274894548
738 -4.5284075193848355e-17 1.0014011020956075e-19 44.79339336623759
739 -4.528236046668824e-17 9.84267065986317e-20 44.02697557641425
740 -4.528047095011966e-17 9.653867870081547e-20 43.18244708392175
741 -4.527843048761921e-17 9.449984531451909e-20 42.270462209035195
742 -4.5276265172599586e-17 9.233627245190312e-20 41.30268046694539
743 -4.527400291042437e-17 9.007583589940255e-20 40.29157089792563
744 -4.527167294550249e-17 8.774774890894941e-20 39.25020080020997
745 -4.526930536297487e-17 8.53820645117123e-20 38.192013111340266
746 -4.526693057504048e-17 8.300916249384607e-20 37.13059692871984
747 -4.5264578802312827e-17 8.065923140845126e-20 36.079455809827905
748 -4.52622795607065e-17 7.836175611140602e-20 35.05177854330203
749 -4.526006116424378e-17 7.614502119723165e-20 34.06021703222027
750 -4.5257950253841037e-17 7.403564037573512e-20 33.1166757808799
751 -4.525597136156568e-17 7.205812127672271e-20 32.232117228807795
752 -4.52541465191105e-17 7.023447440940798e-20 31.416386835483976
753 -4.5252494918266494e-17 6.858387405077801e-20 30.678061393262663
754 -4.5251032630054334e-17 6.712237771324222e-20 30.02432354322876
755 -4.524977238790349e-17 6.586270957061123e-20 29.460864900076594
756 -4.5248723438866545e-17 6.481411183075447e-20 28.991819570027943
757 -4.5247891465388147e-17 6.398226656411272e-20 28.61972918416207
758 -4.524727857860265e-17 6.336928896284009e-20 28.34553988318129
759 -4.5246883382575734e-17 6.297379145045479e-20 28.168630994120054
760 -4.5246701107372825e-17 6.279101652185291e-20 28.08687445064095
761 -4.5246723807332956e-17 6.281303470345289e-20 28.096723342034753
762 -4.5246940619528144e-17 6.302900261704515e-20 28.193327347041127
763 -4.5247338076092184e-17 6.342547484053829e-20 28.370672231409145
764 -4.524790046295225e-17 6.398676211341844e-20 28.62174007578209
765 -4.5248610216530855e-17 6.469532746009922e-20 28.938686464528185
766 -4.524944834918976e-17 6.553221102216464e-20 29.313030516266167
767 -4.525039489362355e-17 6.647747381805847e-20 29.735853380774053
768 -4.525142935605641e-17 6.751065029852317e-20 30.198000670300218
769 -4.5252531167977715e-17 6.861119944549082e-20 30.69028423934998
770 -4.525368012625401e-17 6.975894427354332e-20 31.203678776857807
771 -4.525485681181337e-17 7.093448993373282e-20 31.72950882704098
772 -4.5256042977639906e-17 7.211961118173788e-20 32.25962210669971
773 -4.52572218976124e-17 7.329760074344731e-20 32.78654533165473
774 -4.525837866865906e-17 7.445357107396772e-20 33.303619195727194
775 -4.525950045985812e-17 7.557470313935795e-20 33.80510965260241
776 -4.526057670338145e-17 7.665043712887685e-20 34.28629322279336
777 -4.526159922357801e-17 7.767260140058573e-20 34.743514671938506
778 -4.526256230197866e-17 7.86354774433154e-20 35.17421606875801
779 -4.526346267753331e-17 7.953580016960544e-20 35.5769369160876
780 -4.5264299482946466e-17 8.03726944019808e-20 35.95128574073215
781 -4.526507411950635e-17 8.114754994276385e-20 36.29788421129175
782 -4.5265790074269005e-17 8.186383908941777e-20 36.618285511459014
783 -4.5266452684854064e-17 8.252688183788597e-20 36.91486931377973
784 -4.526706885835756e-17 8.314356527195066e-20 37.19071626048965
785 -4.526764675199046e-17 8.372202473627805e-20 37.44946534991861
786 -4.526819542396928e-17 8.427129530699215e-20 37.69515803676514
787 -4.5268724463901e-17 8.480094278303446e-20 37.93207317187085
788 -4.5269243612375845e-17 8.532068390588122e-20 38.164557123761504
789 -4.5269762379746426e-17 8.584000576165989e-20 38.39685353446944
790 -4.527028967405982e-17 8.636779432157401e-20 38.632937162987126
791 -4.5270833447869544e-17 8.691198183335903e-20 38.87635616092281
792 -4.527140037317589e-17 8.747922229412548e-20 39.1300869091633
793 -4.527199555302538e-17 8.807460352552975e-20 39.39640522702172
794 -4.527262227738454e-17 8.870140345373733e-20 39.67677735450766
795 -4.527328182979675e-17 8.936089709248602e-20 39.971773614459664
796 -4.527397335006536e-17 9.005221946576005e-20 40.28100709686887
797 -4.5274693756818124e-17 9.077228831902822e-20 40.60309908705861
798 -4.5275437732328154e-17 9.151578898945646e-20 40.935672298021316
799 -4.5276197770426103e-17 9.227522227262805e-20 41.2753722815477
800 -4.527696428679506e-17 9.304101457361578e-20 41.61791669959553
801 -4.527772578939746e-17 9.380168810106969e-20 41.9581714533323
802 -4.527846910532124e-17 9.454408739052878e-20 42.2902520086459
803 -4.527917965893496e-17 9.525365706160055e-20 42.60764763893386
804 -4.527984179499374e-17 9.591476445436256e-20 42.903365742692145
805 -4.5280439139215953e-17 9.651105968126042e-20 43.17009289732529
806 -4.528095498792655e-17 9.702586469587145e-20 43.400368892409844
807 -4.528137271760643e-17 9.744258223882993e-20 43.586769654155454
808 -4.528167620466959e-17 9.774511498903056e-20 43.722094734760496
809 -4.528185024546251e-17 9.791828493534443e-20 43.79955490040456
810 -4.528188096640599e-17 9.794824289619793e-20 43.812955312308965
811 -4.528175621432639e-17 9.782285825258544e-20 43.75686985712356
812 -4.5281465917388133e-17 9.753207932106944e-20 43.62680234436815
813 -4.528100240762522e-17 9.706825536947855e-20 43.41933054637616
814 -4.528036069683312e-17 9.642641205776974e-20 43.13222940497841
815 -4.527953869856621e-17 9.560447305453103e-20 42.76457016216274
816 -4.527853739012211e-17 9.460342171707399e-20 42.31679268074521
817 -4.5277360909669665e-17 9.342739800796962e-20 41.7907487958354
818 -4.5276016585103135e-17 9.20837272282828e-20 41.18971516741939
819 -4.5274514892698056e-17 9.058287865004844e-20 40.51837477636806
820 -4.527286934521338e-17 8.893835369779042e-20 39.7827669072242
821 -4.527109631069787e-17 8.716650492917768e-20 38.990206176944746
822 -4.526921476484075e-17 8.528628866474171e-20 38.149171884389744
823 -4.526724598130023e-17 8.33189556813256e-20 37.26916965527178
824 -4.5265213165911115e-17 8.128768587842058e-20 36.3605680257741
825 -4.5263141042090676e-17 7.921717421570802e-20 35.434413229427456
826 -4.526105539599056e-17 7.71331764697316e-20 34.50222601079424
827 -4.525898259104257e-17 7.506202443514092e-20 33.57578477148905
828 -4.525694906240713e-17 7.30301210714147e-20 32.6668997456677
829 -4.525498080248759e-17 7.106342674296162e-20 31.78718319151978
830 -4.525310284907972e-17 6.918694809706727e-20 30.947820762688885
831 -4.525133878783345e-17 6.742424125372412e-20 30.159349281501214
832 -4.52497102805888e-17 6.579694083359515e-20 29.431446069777753
833 -4.5248236630683194e-17 6.432432592170676e-20 28.772734801264427
834 -4.5246934395652316e-17 6.302293335880477e-20 28.190612524067262
835 -4.524581705675407e-17 6.190622778110378e-20 27.69110206705304
836 -4.524489475353346e-17 6.098433661146861e-20 27.27873349949392
837 -4.5244174090208896e-17 6.026385676726994e-20 26.956457670097482
838 -4.524365801902292e-17 5.97477382253397e-20 26.72559412477174
839 -4.524334580394088e-17 5.943524781162313e-20 26.585814909475364
840 -4.524323306618088e-17 5.932201470604829e-20 26.53516492487399
841 -4.524331191114333e-17 5.940015721911724e-20 26.57011863442353
842 -4.524357113434188e-17 5.965848845510657e-20 26.68567205900276
843 -4.5243996502052995e-17 6.008279657747054e-20 26.875468141649016
844 -4.524457110057899e-17 6.065619358397235e-20 27.13195275718928
845 -4.5245275746353353e-17 6.135952482869107e-20 27.44655789438677
846 -4.52460894476165e-17 6.217183003794971e-20 27.809907871689795
847 -4.5246989907127345e-17 6.307084529496054e-20 28.212043878583174
848 -4.5247954054340504e-17 6.403353444508384e-20 28.642661676992233
849 -4.524895859473666e-17 6.503663762478074e-20 29.091356962238656
850 -4.524998056352992e-17 6.605722416002677e-20 29.547872678487554
851 -4.525099787082751e-17 6.707323692403231e-20 30.002342513880976
852 -4.525198982545531e-17 6.806401539193234e-20 30.445524866672184
853 -4.525293762511937e-17 6.901078507667932e-20 30.869021773429647
854 -4.5253824801303796e-17 6.989710176379671e-20 31.265477618445477
855 -4.525463760830677e-17 7.070923996462375e-20 31.628752891672818
856 -4.525536534707013e-17 7.143651625419946e-20 31.954068820092797
857 -4.5256000615919496e-17 7.207153962196225e-20 32.23811935138766
858 -4.5256539481976455e-17 7.26103826077093e-20 32.47914770428936
859 -4.525698156879823e-17 7.305266878502519e-20 32.676985500548035
860 -4.525733005770278e-17 7.34015740501809e-20 32.83305334146578
861 -4.525759160218967e-17 7.366374113489778e-20 32.95032256883959
862 -4.5257776156868155e-17 7.384910874369138e-20 33.033238836863205
863 -4.5257896724246885e-17 7.397065867756707e-20 33.08760899873281
864 -4.52579690246612e-17 7.404408620264369e-20 33.120453660155526
865 -4.5258011096388255e-17 7.408740071276215e-20 33.13982855285478
866 -4.525804283466045e-17 7.412046537892261e-20 33.15461861644418
867 -4.525808547973838e-17 7.416448593756409e-20 33.17430932973881
868 -4.525816106545246e-17 7.424146000963307e-20 33.20874038720391
869 -4.525829184061446e-17 7.437359933256852e-20 33.267847259155715
870 -4.525849967641048e-17 7.458273800221075e-20 33.361396494100354
871 -4.5258805473316525e-17 7.488974024143536e-20 33.49872080937348
872 -4.525922858117925e-17 7.531392132376593e-20 33.688460066096766
873 -4.5259786245912273e-17 7.587249507722569e-20 33.938314133666886
874 -4.526049309573029e-17 7.658006087780384e-20 34.25481341823396
875 -4.5261360679038016e-17 7.744814222262839e-20 34.64311246315459
876 -4.526239706496419e-17 7.848478786773136e-20 35.10681153503818
877 -4.526360651618204e-17 7.969424514941043e-20 35.64781049803651
878 -4.5264989242051974e-17 8.107671351412686e-20 36.26619856598983
879 -4.5266541238333456e-17 8.262818449857674e-20 36.96018272435889
880 -4.526825421778932e-17 8.434037247334074e-20 37.72605675136015
881 -4.527011563397128e-17 8.620073843871952e-20 38.55821186201446
882 -4.5272108798408125e-17 8.819260709088907e-20 39.44918907268253
883 -4.527421308933876e-17 9.029537531218171e-20 40.38977246027093
884 -4.5276404248142335e-17 9.248480823214314e-20 41.3691215924777
885 -4.527865475768555e-17 9.473341710465839e-20 42.374940554955444
886 -4.528093429508539e-17 9.701091149555783e-20 43.393680218088136
887 -4.5283210249794366e-17 9.92847167140867e-20 44.41076968781835
888 -4.528544829659199e-17 1.0152054608344554e-19 45.41087228638645
889 -4.528761301197437e-17 1.0368301655609323e-19 46.378160921494555
890 -4.528966852160183e-17 1.057362953567966e-19 47.29660733440535
891 -4.529157916592765e-17 1.076447647908555e-19 48.15027947345477
892 -4.5293310170863365e-17 1.093736920892446e-19 48.92364112061397
893 -4.529482831034168e-17 1.1088989117214596e-19 49.60184790308909
894 -4.5296102547920684e-17 1.1216236348659802e-19 50.17103394462248
895 -4.5297104645091825e-17 1.1316290559629918e-19 50.61858364479298
896 -4.5297809724710394e-17 1.1386667195097365e-19 50.93338340981108
897 -4.529819677890747e-17 1.1425268221466891e-19 51.10604858412458
898 -4.5298249111994654e-17 1.1430426366005777e-19 51.129121336579786
899 -4.5297954710124613e-17 1.1400942041100785e-19 50.997235825285316
900 -4.529730653088879e-17 1.1336112270966626e-19 50.70724758886485
901 -4.529630270749869e-17 1.123575108686348e-19 50.25832477573573
902 -4.529494666376676e-17 1.110020101159686e-19 49.65199951510493
903 -4.5293247137670725e-17 1.093033541244932e-19 48.892178441802294
904 -4.5291218112891516e-17 1.0727551661269247e-19 47.985112100864406
905 -4.528887865929992e-17 1.0493755198924699e-19 46.939323666687685
906 -4.528625268492052e-17 1.0231334756597957e-19 45.76549810609213
907 -4.5283368603397994e-17 9.943129136480878e-20 44.47633358597637
908 -4.528025892243526e-17 9.632386097503521e-20 43.08635756621722
909 -4.527695976000153e-17 9.30271402606976e-20 41.61171061938522
910 -4.5273510296364944e-17 8.958027195757756e-20 40.06990157343781
911 -4.526995217110879e-17 8.602485532006537e-20 38.479538074819004
912 -4.526632883529776e-17 8.240429896443963e-20 36.86003711059207
913 -4.526268486977617e-17 7.876313989245242e-20 35.23132040277886
914 -4.525906528127917e-17 7.514634035319084e-20 33.61349988960048
915 -4.5255514788511643e-17 7.159857469827646e-20 32.0265587306658
916 -4.525207711067912e-17 6.816351869263278e-20 30.49003341055322
917 -4.5248794271045485e-17 6.488315384850669e-20 29.022702562402348
918 -4.52457059279934e-17 6.179709924402251e-20 27.642288085535206
919 -4.524284874574044e-17 5.894198296133973e-20 26.365173985211904
920 -4.5240255816300896e-17 5.635086472842643e-20 25.206148116132773
921 -4.52379561435236e-17 5.4052720571084904e-20 24.178171663573494
922 -4.5235974199018494e-17 5.2071999281020786e-20 23.292180748354262
923 -4.523432955857495e-17 5.042825928924085e-20 22.556923997692273
924 -4.5233036626256656e-17 4.913589311524149e-20 21.978839289336864
925 -4.52321044517515e-17 4.820394496058783e-20 21.561972159862155
926 -4.523153664478897e-17 4.76360252559834e-20 21.30793758095518
927 -4.5231331388561475e-17 4.7430324085245714e-20 21.215925964056947
928 -4.5231481552097244e-17 4.7579723434869727e-20 21.282753370401558
929 -4.523197489951323e-17 4.807200619621453e-20 21.502954999201346
930 -4.523279439204802e-17 4.8890157824935135e-20 21.868920122085854
931 -4.5233918576804227e-17 5.00127545879715e-20 22.37106574877952
932 -4.5235322054238825e-17 5.141443045228343e-20 22.99804546979935
933 -4.523697601472249e-17 5.3066412941182914e-20 23.736989148856196
934 -4.5238848832936164e-17 5.493711675090958e-20 24.5737684518293
935 -4.524090670759563e-17 5.699278262533776e-20 25.493282620029415
936 -4.524311433295803e-17 5.919814796802019e-20 26.47975843980148
937 -4.524543558785478e-17 6.151713495863726e-20 27.51705804197408
938 -4.5247834227620535e-17 6.39135415574516e-20 28.588987993134552
939 -4.5250274564230095e-17 6.635172073949598e-20 29.679603121978875
940 -4.525272212027022e-17 6.879723360322336e-20 30.773498659520197
941 -4.5255144243013155e-17 7.121746263974348e-20 31.856084558840344
942 -4.525751066581992e-17 7.35821724126814e-20 32.9138362912334
943 -4.5259794005371594e-17 7.586400616044364e-20 33.93451697998015
944 -4.526197018474975e-17 7.80389083597921e-20 34.90736641608163
945 -4.526401877414963e-17 8.00864650429814e-20 35.82325328456853
946 -4.526592324294547e-17 8.199015559588022e-20 36.67478779561648
947 -4.526767111889405e-17 8.373751183317417e-20 37.456392840031384
948 -4.526925405242882e-17 8.532018229817293e-20 38.1643327510167
949 -4.5270667786170544e-17 8.673390191712145e-20 38.79669973032808
950 -4.52719120319534e-17 8.797836929969872e-20 39.353358963901734
951 -4.527299025975556e-17 8.905703606849924e-20 39.83585438741243
952 -4.527390940490101e-17 8.997681457316767e-20 40.24727794469837
953 -4.5274679501708314e-17 9.074771215540176e-20 40.592105991859796
954 -4.527531325338523e-17 9.138240173939523e-20 40.87600721926786
955 -4.527582554931641e-17 9.189573989355778e-20 41.10562707709688
956 -4.5276232942028206e-17 9.230424461411821e-20 41.28835418416452
957 -4.527655309690524e-17 9.262554589608222e-20 41.43207456435955
958 -4.5276804228258216e-17 9.287782266496949e-20 41.54491978214774
959 -4.5277004535521974e-17 9.307923983348225e-20 41.63501513396057
960 -4.527717165324289e-17 9.324739911740448e-20 41.710233994187014
961 -4.527732212805844e-17 9.339881679831504e-20 41.77796421466945
962 -4.527747093512696e-17 9.354844086797137e-20 41.844892139904886
963 -4.527763104541142e-17 9.370921894834811e-20 41.916809334562586
964 -4.527781305392569e-17 9.389172707697094e-20 41.99844653648727
965 -4.5278024877511734e-17 9.410386791042983e-20 42.09333866095448
966 -4.527827152896905e-17 9.43506451666615e-20 42.20372390707707
967 -4.527855497248686e-17 9.46340192406822e-20 42.330479173681425
968 -4.527887406331872e-17 9.495284693496798e-20 42.47309310027195
969 -4.527922457258972e-17 9.53029061936173e-20 42.62967713080037
970 -4.527959929606619e-17 9.567700466953085e-20 42.79701407654806
971 -4.527998824368995e-17 9.606516893717159e-20 42.97064275235802
972 -4.5280378904760395e-17 9.645490923998815e-20 43.14497640006627
973 -4.5280756581857733e-17 9.683155287871766e-20 43.31345181549367
974 -4.528110478500155e-17 9.717863774798479e-20 43.46870538020433
975 -4.528140567615757e-17 9.747835615209521e-20 43.60277158351011
976 -4.52816405530876e-17 9.771203790852835e-20 43.707299118146516
977 -4.528179036068169e-17 9.786066090393275e-20 43.77377925565072
978 -4.528183621738078e-17 9.79053767190668e-20 43.79378096218769
979 -4.5281759944027604e-17 9.78280386944989e-20 43.759187106145504
980 -4.52815445825739e-17 9.761171986803037e-20 43.66242613527928
981 -4.528117489240035e-17 9.724120856972065e-20 43.496693759939454
982 -4.5280637812659654e-17 9.670347009548969e-20 43.25615946300308
983 -4.527992287994159e-17 9.598806377315994e-20 42.93615305652171
984 -4.527902259168166e-17 9.508750585727147e-20 42.53332700718889
985 -4.527793270706304e-17 9.399757000808788e-20 42.045790842766095
986 -4.527665247863529e-17 9.27175185894064e-20 41.47321461326104
987 -4.527518480948075e-17 9.125025962027021e-20 40.8168990965603
988 -4.527353633244618e-17 8.96024258974645e-20 40.079811190492265
989 -4.527171740967374e-17 8.778437452879467e-20 39.266583704059165
990 -4.526974205240521e-17 8.581010684260057e-20 38.383479532385294
991 -4.5267627762715446e-17 8.36971103296394e-20 37.438320956181514
992 -4.526539530046216e-17 8.146612589485804e-20 36.44038553178478
993 -4.5263068380258216e-17 7.914084521731605e-20 35.40027071806944
994 -4.526067330466106e-17 7.674754440883927e-20 34.32973000932155
995 -4.525823854103275e-17 7.43146614019655e-20 33.2414838978196
996 -4.525579425056434e-17 7.187232556547522e-20 32.14900946746968
997 -4.525337177887158e-17 6.945184892545895e-20 31.066312813320337
998 -4.525100311821973e-17 6.708518904966661e-20 30.0076887858591
999 -4.524872035192707e-17 6.480439412501998e-20 28.98747277018249
1000 -4.5246555091750446e-17 6.264104101870062e-20 28.019789326668732
